[Clean]
[Compile] wiringPi.c
wiringPi.c:1248:21: warning: ‘digitalWrite8Dummy’ defined but not used [-Wunused-function]
 1248 | static         void digitalWrite8Dummy       (UNU struct wiringPiNodeStruct *node, UNU int pin, UNU int value) { return ; }
      |                     ^~~~~~~~~~~~~~~~~~
wiringPi.c:1247:21: warning: ‘digitalRead8Dummy’ defined but not used [-Wunused-function]
 1247 | static unsigned int digitalRead8Dummy        (UNU struct wiringPiNodeStruct *node, UNU int UNU pin)            { return 0 ; }
      |                     ^~~~~~~~~~~~~~~~~
[Compile] wiringSerial.c
[Compile] wiringShift.c
[Compile] piHiPri.c
[Compile] piThread.c
[Compile] wiringPiSPI.c
[Compile] wiringPiI2C.c
[Compile] softPwm.c
[Compile] softTone.c
[Compile] mcp23008.c
[Compile] mcp23016.c
[Compile] mcp23017.c
[Compile] mcp23s08.c
[Compile] mcp23s17.c
[Compile] sr595.c
[Compile] pcf8574.c
[Compile] pcf8591.c
[Compile] mcp3002.c
[Compile] mcp3004.c
[Compile] mcp4802.c
[Compile] mcp3422.c
[Compile] max31855.c
[Compile] max5322.c
[Compile] ads1115.c
[Compile] sn3218.c
[Compile] bmp180.c
[Compile] htu21d.c
[Compile] ds18b20.c
[Compile] rht03.c
[Compile] drcSerial.c
[Compile] drcNet.c
drcNet.c: In function ‘authenticate’:
drcNet.c:112:24: warning: ‘%s’ directive writing up to 1023 bytes into a region of size 1021 [-Wformat-overflow=]
   89 |       return &buf [10] ;
      |              ~~~~~~~~~  
......
  112 |   sprintf (salted, "$6$%s$", challenge) ;
      |                        ^~
drcNet.c:112:3: note: ‘sprintf’ output between 5 and 1028 bytes into a destination of size 1024
  112 |   sprintf (salted, "$6$%s$", challenge) ;
      |   ^~~~~~~~~~~~~~~~~~~~~~~~~~~~~~~~~~~~~
[Compile] pseudoPins.c
[Compile] wpiExtensions.c
[Link (Static)]
[Clean]
[Compile] ds1302.c
[Compile] maxdetect.c
[Compile] piNes.c
[Compile] gertboard.c
[Compile] piFace.c
[Compile] lcd128x64.c
[Compile] lcd.c
[Compile] scrollPhat.c
[Compile] piGlow.c
[Link (Static)]
[UnInstall]
[Clean]
[Compile] gpio.c
[Compile] readall.c
[Compile] pins.c
[Link]
/usr/bin/ld : /home/pi/Desktop/tstGpio/node_modules/wiringpi-node/WiringPi/gpio/../wiringPi/libwiringPi.a(drcNet.o):(.bss+0x400) : définitions multiples de « comDat »; /home/pi/Desktop/tstGpio/node_modules/wiringpi-node/WiringPi/gpio/../wiringPi/libwiringPi.a(wpiExtensions.o):(.bss+0x404) : défini pour la première fois ici
collect2: error: ld returned 1 exit status
make: *** [Makefile:56 : gpio] Erreur 1
[Link]
/usr/bin/ld : /home/pi/Desktop/tstGpio/node_modules/wiringpi-node/WiringPi/gpio/../wiringPi/libwiringPi.a(drcNet.o):(.bss+0x400) : définitions multiples de « comDat »; /home/pi/Desktop/tstGpio/node_modules/wiringpi-node/WiringPi/gpio/../wiringPi/libwiringPi.a(wpiExtensions.o):(.bss+0x404) : défini pour la première fois ici
collect2: error: ld returned 1 exit status
make: *** [Makefile:56 : gpio] Erreur 1
gyp info it worked if it ends with ok
gyp info using node-gyp@9.3.1
gyp info using node@18.14.2 | linux | arm
gyp info find Python using Python version 3.9.2 found at "/usr/bin/python3"
gyp info spawn /usr/bin/python3
gyp info spawn args [
gyp info spawn args   '/usr/local/lib/node_modules/npm/node_modules/node-gyp/gyp/gyp_main.py',
gyp info spawn args   'binding.gyp',
gyp info spawn args   '-f',
gyp info spawn args   'make',
gyp info spawn args   '-I',
gyp info spawn args   '/home/pi/Desktop/tstGpio/node_modules/wiringpi-node/build/config.gypi',
gyp info spawn args   '-I',
gyp info spawn args   '/usr/local/lib/node_modules/npm/node_modules/node-gyp/addon.gypi',
gyp info spawn args   '-I',
gyp info spawn args   '/root/.cache/node-gyp/18.14.2/include/node/common.gypi',
gyp info spawn args   '-Dlibrary=shared_library',
gyp info spawn args   '-Dvisibility=default',
gyp info spawn args   '-Dnode_root_dir=/root/.cache/node-gyp/18.14.2',
gyp info spawn args   '-Dnode_gyp_dir=/usr/local/lib/node_modules/npm/node_modules/node-gyp',
gyp info spawn args   '-Dnode_lib_file=/root/.cache/node-gyp/18.14.2/<(target_arch)/node.lib',
gyp info spawn args   '-Dmodule_root_dir=/home/pi/Desktop/tstGpio/node_modules/wiringpi-node',
gyp info spawn args   '-Dnode_engine=v8',
gyp info spawn args   '--depth=.',
gyp info spawn args   '--no-parallel',
gyp info spawn args   '--generator-output',
gyp info spawn args   'build',
gyp info spawn args   '-Goutput_dir=.'
gyp info spawn args ]
gyp info spawn make
gyp info spawn args [ 'BUILDTYPE=Release', '-C', 'build' ]
make : on entre dans le répertoire « /home/pi/Desktop/tstGpio/node_modules/wiringpi-node/build »
  CXX(target) Release/obj.target/WiringPi/src/addon.o
In file included from ../src/addon.cc:1:
../src/addon.h:12:28: error: ‘Handle’ is not a member of ‘v8’; did you mean ‘JobHandle’?
   12 |       bool HasInstance(v8::Handle<v8::Value> val);
      |                            ^~~~~~
      |                            JobHandle
../src/addon.h:12:44: error: expected primary-expression before ‘>’ token
   12 |       bool HasInstance(v8::Handle<v8::Value> val);
      |                                            ^
../src/addon.h:12:46: error: ‘val’ was not declared in this scope
   12 |       bool HasInstance(v8::Handle<v8::Value> val);
      |                                              ^~~
../src/addon.h:13:12: error: redefinition of ‘bool node::Buffer::HasInstance’
   13 |       bool HasInstance(v8::Handle<v8::Object> val);
      |            ^~~~~~~~~~~
../src/addon.h:12:12: note: ‘bool node::Buffer::HasInstance’ previously defined here
   12 |       bool HasInstance(v8::Handle<v8::Value> val);
      |            ^~~~~~~~~~~
../src/addon.h:13:28: error: ‘Handle’ is not a member of ‘v8’; did you mean ‘JobHandle’?
   13 |       bool HasInstance(v8::Handle<v8::Object> val);
      |                            ^~~~~~
      |                            JobHandle
../src/addon.h:13:45: error: expected primary-expression before ‘>’ token
   13 |       bool HasInstance(v8::Handle<v8::Object> val);
      |                                             ^
../src/addon.h:13:47: error: ‘val’ was not declared in this scope
   13 |       bool HasInstance(v8::Handle<v8::Object> val);
      |                                               ^~~
../src/addon.h:14:22: error: ‘Handle’ is not a member of ‘v8’; did you mean ‘JobHandle’?
   14 |       char* Data(v8::Handle<v8::Value> val);
      |                      ^~~~~~
      |                      JobHandle
../src/addon.h:14:38: error: expected primary-expression before ‘>’ token
   14 |       char* Data(v8::Handle<v8::Value> val);
      |                                      ^
../src/addon.h:14:40: error: ‘val’ was not declared in this scope
   14 |       char* Data(v8::Handle<v8::Value> val);
      |                                        ^~~
../src/addon.h:15:13: error: redefinition of ‘char* node::Buffer::Data’
   15 |       char* Data(v8::Handle<v8::Object> val);
      |             ^~~~
../src/addon.h:14:13: note: ‘char* node::Buffer::Data’ previously defined here
   14 |       char* Data(v8::Handle<v8::Value> val);
      |             ^~~~
../src/addon.h:15:22: error: ‘Handle’ is not a member of ‘v8’; did you mean ‘JobHandle’?
   15 |       char* Data(v8::Handle<v8::Object> val);
      |                      ^~~~~~
      |                      JobHandle
../src/addon.h:15:39: error: expected primary-expression before ‘>’ token
   15 |       char* Data(v8::Handle<v8::Object> val);
      |                                       ^
../src/addon.h:15:41: error: ‘val’ was not declared in this scope
   15 |       char* Data(v8::Handle<v8::Object> val);
      |                                         ^~~
../src/addon.h:16:25: error: ‘Handle’ is not a member of ‘v8’; did you mean ‘JobHandle’?
   16 |       size_t Length(v8::Handle<v8::Value> val);
      |                         ^~~~~~
      |                         JobHandle
../src/addon.h:16:41: error: expected primary-expression before ‘>’ token
   16 |       size_t Length(v8::Handle<v8::Value> val);
      |                                         ^
../src/addon.h:16:43: error: ‘val’ was not declared in this scope
   16 |       size_t Length(v8::Handle<v8::Value> val);
      |                                           ^~~
../src/addon.h:17:14: error: redefinition of ‘size_t node::Buffer::Length’
   17 |       size_t Length(v8::Handle<v8::Object> val);
      |              ^~~~~~
../src/addon.h:16:14: note: ‘size_t node::Buffer::Length’ previously defined here
   16 |       size_t Length(v8::Handle<v8::Value> val);
      |              ^~~~~~
../src/addon.h:17:25: error: ‘Handle’ is not a member of ‘v8’; did you mean ‘JobHandle’?
   17 |       size_t Length(v8::Handle<v8::Object> val);
      |                         ^~~~~~
      |                         JobHandle
../src/addon.h:17:42: error: expected primary-expression before ‘>’ token
   17 |       size_t Length(v8::Handle<v8::Object> val);
      |                                          ^
../src/addon.h:17:44: error: ‘val’ was not declared in this scope
   17 |       size_t Length(v8::Handle<v8::Object> val);
      |                                            ^~~
../src/addon.cc: In function ‘void throw_error(v8::Isolate*, const char*, ...)’:
../src/addon.cc:35:73: error: cannot convert ‘v8::MaybeLocal<v8::String>’ to ‘v8::Local<v8::String>’
   35 |     isolate->ThrowException(v8::Exception::Error(v8::String::NewFromUtf8(isolate, buffer)));
      |                                                  ~~~~~~~~~~~~~~~~~~~~~~~^~~~~~~~~~~~~~~~~
      |                                                                         |
      |                                                                         v8::MaybeLocal<v8::String>
In file included from /root/.cache/node-gyp/18.14.2/include/node/v8.h:30,
                 from ../src/addon.h:4,
                 from ../src/addon.cc:1:
/root/.cache/node-gyp/18.14.2/include/node/v8-exception.h:40:43: note:   initializing argument 1 of ‘static v8::Local<v8::Value> v8::Exception::Error(v8::Local<v8::String>)’
   40 |   static Local<Value> Error(Local<String> message);
      |                             ~~~~~~~~~~~~~~^~~~~~~
make: *** [WiringPi.target.mk:134 : Release/obj.target/WiringPi/src/addon.o] Erreur 1
make : on quitte le répertoire « /home/pi/Desktop/tstGpio/node_modules/wiringpi-node/build »
gyp ERR! build error 
gyp ERR! stack Error: `make` failed with exit code: 2
gyp ERR! stack     at ChildProcess.onExit (/usr/local/lib/node_modules/npm/node_modules/node-gyp/lib/build.js:203:23)
gyp ERR! stack     at ChildProcess.emit (node:events:513:28)
gyp ERR! stack     at ChildProcess._handle.onexit (node:internal/child_process:291:12)
gyp ERR! System Linux 5.15.84-v7+
gyp ERR! command "/usr/local/bin/node" "/usr/local/lib/node_modules/npm/node_modules/node-gyp/bin/node-gyp.js" "rebuild"
gyp ERR! cwd /home/pi/Desktop/tstGpio/node_modules/wiringpi-node
gyp ERR! node -v v18.14.2
gyp ERR! node-gyp -v v9.3.1
gyp ERR! not ok 
